# JRE version: OpenJDK Runtime Environment (13.0.2+8) (build 13.0.2+8)
# Java VM: OpenJDK 64-Bit Server VM (13.0.2+8, mixed mode, sharing, tiered, compressed oops, g1 gc, windows-amd64)
Heap:
 garbage-first heap   total 287744K, used 76722K [0x0000000704200000, 0x0000000800000000)
  region size 1024K, 36 young (36864K), 9 survivors (9216K)
 Metaspace       used 26505K, capacity 27262K, committed 27440K, reserved 1073152K
  class space    used 2889K, capacity 3154K, committed 3200K, reserved 1048576K
GC Heap History (20 events):
Event: 3.235 GC heap before
{Heap before GC invocations=5 (full 0):
 garbage-first heap   total 55296K, used 38646K [0x0000000704200000, 0x0000000800000000)
  region size 1024K, 22 young (22528K), 4 survivors (4096K)
 Metaspace       used 22082K, capacity 22713K, committed 22960K, reserved 1069056K
  class space    used 2517K, capacity 2763K, committed 2816K, reserved 1048576K
}
Event: 3.237 GC heap after
{Heap after GC invocations=6 (full 0):
 garbage-first heap   total 55296K, used 22365K [0x0000000704200000, 0x0000000800000000)
  region size 1024K, 1 young (1024K), 1 survivors (1024K)
 Metaspace       used 22082K, capacity 22713K, committed 22960K, reserved 1069056K
  class space    used 2517K, capacity 2763K, committed 2816K, reserved 1048576K
}
Event: 3.350 GC heap before
{Heap before GC invocations=6 (full 0):
 garbage-first heap   total 55296K, used 38749K [0x0000000704200000, 0x0000000800000000)
  region size 1024K, 18 young (18432K), 1 survivors (1024K)
 Metaspace       used 22118K, capacity 22778K, committed 22960K, reserved 1069056K
  class space    used 2517K, capacity 2763K, committed 2816K, reserved 1048576K
}
Event: 3.351 GC heap after
{Heap after GC invocations=7 (full 0):
 garbage-first heap   total 55296K, used 24218K [0x0000000704200000, 0x0000000800000000)
  region size 1024K, 2 young (2048K), 2 survivors (2048K)
 Metaspace       used 22118K, capacity 22778K, committed 22960K, reserved 1069056K
  class space    used 2517K, capacity 2763K, committed 2816K, reserved 1048576K
}
Event: 3.684 GC heap before
{Heap before GC invocations=7 (full 0):
 garbage-first heap   total 55296K, used 41626K [0x0000000704200000, 0x0000000800000000)
  region size 1024K, 19 young (19456K), 2 survivors (2048K)
 Metaspace       used 22160K, capacity 22778K, committed 22960K, reserved 1069056K
  class space    used 2517K, capacity 2763K, committed 2816K, reserved 1048576K
}
Event: 3.687 GC heap after
{Heap after GC invocations=8 (full 0):
 garbage-first heap   total 55296K, used 29525K [0x0000000704200000, 0x0000000800000000)
  region size 1024K, 3 young (3072K), 3 survivors (3072K)
 Metaspace       used 22160K, capacity 22778K, committed 22960K, reserved 1069056K
  class space    used 2517K, capacity 2763K, committed 2816K, reserved 1048576K
}
Event: 3.823 GC heap before
{Heap before GC invocations=8 (full 0):
 garbage-first heap   total 55296K, used 41813K [0x0000000704200000, 0x0000000800000000)
  region size 1024K, 15 young (15360K), 3 survivors (3072K)
 Metaspace       used 22185K, capacity 22779K, committed 22960K, reserved 1069056K
  class space    used 2517K, capacity 2763K, committed 2816K, reserved 1048576K
}
Event: 3.826 GC heap after
{Heap after GC invocations=9 (full 0):
 garbage-first heap   total 55296K, used 33389K [0x0000000704200000, 0x0000000800000000)
  region size 1024K, 2 young (2048K), 2 survivors (2048K)
 Metaspace       used 22185K, capacity 22779K, committed 22960K, reserved 1069056K
  class space    used 2517K, capacity 2763K, committed 2816K, reserved 1048576K
}
Event: 3.989 GC heap before
{Heap before GC invocations=10 (full 0):
 garbage-first heap   total 61440K, used 42605K [0x0000000704200000, 0x0000000800000000)
  region size 1024K, 11 young (11264K), 2 survivors (2048K)
 Metaspace       used 22653K, capacity 23277K, committed 23472K, reserved 1071104K
  class space    used 2562K, capacity 2794K, committed 2816K, reserved 1048576K
}
Event: 3.993 GC heap after
{Heap after GC invocations=11 (full 0):
 garbage-first heap   total 61440K, used 35381K [0x0000000704200000, 0x0000000800000000)
  region size 1024K, 2 young (2048K), 2 survivors (2048K)
 Metaspace       used 22653K, capacity 23277K, committed 23472K, reserved 1071104K
  class space    used 2562K, capacity 2794K, committed 2816K, reserved 1048576K
}
Event: 4.073 GC heap before
{Heap before GC invocations=11 (full 0):
 garbage-first heap   total 61440K, used 45621K [0x0000000704200000, 0x0000000800000000)
  region size 1024K, 12 young (12288K), 2 survivors (2048K)
 Metaspace       used 22845K, capacity 23476K, committed 23600K, reserved 1071104K
  class space    used 2574K, capacity 2838K, committed 2944K, reserved 1048576K
}
Event: 4.079 GC heap after
{Heap after GC invocations=12 (full 0):
 garbage-first heap   total 159744K, used 37323K [0x0000000704200000, 0x0000000800000000)
  region size 1024K, 2 young (2048K), 2 survivors (2048K)
 Metaspace       used 22845K, capacity 23476K, committed 23600K, reserved 1071104K
  class space    used 2574K, capacity 2838K, committed 2944K, reserved 1048576K
}
Event: 4.739 GC heap before
{Heap before GC invocations=13 (full 0):
 garbage-first heap   total 143360K, used 81355K [0x0000000704200000, 0x0000000800000000)
  region size 1024K, 45 young (46080K), 2 survivors (2048K)
 Metaspace       used 24611K, capacity 25290K, committed 25520K, reserved 1071104K
  class space    used 2765K, capacity 3025K, committed 3072K, reserved 1048576K
}
Event: 4.747 GC heap after
{Heap after GC invocations=14 (full 0):
 garbage-first heap   total 143360K, used 44308K [0x0000000704200000, 0x0000000800000000)
  region size 1024K, 6 young (6144K), 6 survivors (6144K)
 Metaspace       used 24611K, capacity 25290K, committed 25520K, reserved 1071104K
  class space    used 2765K, capacity 3025K, committed 3072K, reserved 1048576K
}
Event: 5.240 GC heap before
{Heap before GC invocations=14 (full 0):
 garbage-first heap   total 143360K, used 97556K [0x0000000704200000, 0x0000000800000000)
  region size 1024K, 39 young (39936K), 6 survivors (6144K)
 Metaspace       used 25429K, capacity 26162K, committed 26416K, reserved 1073152K
  class space    used 2823K, capacity 3101K, committed 3200K, reserved 1048576K
}
Event: 5.250 GC heap after
{Heap after GC invocations=15 (full 0):
 garbage-first heap   total 143360K, used 62898K [0x0000000704200000, 0x0000000800000000)
  region size 1024K, 2 young (2048K), 2 survivors (2048K)
 Metaspace       used 25429K, capacity 26162K, committed 26416K, reserved 1073152K
  class space    used 2823K, capacity 3101K, committed 3200K, reserved 1048576K
}
Event: 5.666 GC heap before
{Heap before GC invocations=16 (full 0):
 garbage-first heap   total 239616K, used 173490K [0x0000000704200000, 0x0000000800000000)
  region size 1024K, 35 young (35840K), 2 survivors (2048K)
 Metaspace       used 26281K, capacity 27042K, committed 27184K, reserved 1073152K
  class space    used 2873K, capacity 3142K, committed 3200K, reserved 1048576K
}
Event: 5.671 GC heap after
{Heap after GC invocations=17 (full 0):
 garbage-first heap   total 239616K, used 43924K [0x0000000704200000, 0x0000000800000000)
  region size 1024K, 4 young (4096K), 4 survivors (4096K)
 Metaspace       used 26281K, capacity 27042K, committed 27184K, reserved 1073152K
  class space    used 2873K, capacity 3142K, committed 3200K, reserved 1048576K
}
Event: 5.903 GC heap before
{Heap before GC invocations=18 (full 0):
 garbage-first heap   total 239616K, used 118676K [0x0000000704200000, 0x0000000800000000)
  region size 1024K, 75 young (76800K), 4 survivors (4096K)
 Metaspace       used 26502K, capacity 27262K, committed 27440K, reserved 1073152K
  class space    used 2889K, capacity 3154K, committed 3200K, reserved 1048576K
}
Event: 5.911 GC heap after
{Heap after GC invocations=19 (full 0):
 garbage-first heap   total 287744K, used 51122K [0x0000000704200000, 0x0000000800000000)
  region size 1024K, 9 young (9216K), 9 survivors (9216K)
 Metaspace       used 26502K, capacity 27262K, committed 27440K, reserved 1073152K
  class space    used 2889K, capacity 3154K, committed 3200K, reserved 1048576K
}

