# JRE version: OpenJDK Runtime Environment (13.0.2+8) (build 13.0.2+8)
# Java VM: OpenJDK 64-Bit Server VM (13.0.2+8, mixed mode, sharing, tiered, compressed oops, g1 gc, windows-amd64)
Heap:
 garbage-first heap   total 307200K, used 117020K [0x0000000704200000, 0x0000000800000000)
  region size 1024K, 42 young (43008K), 16 survivors (16384K)
 Metaspace       used 32916K, capacity 33963K, committed 34096K, reserved 1079296K
  class space    used 3529K, capacity 3931K, committed 3968K, reserved 1048576K
GC Heap History (20 events):
Event: 5.755 GC heap before
{Heap before GC invocations=18 (full 0):
 garbage-first heap   total 78848K, used 54295K [0x0000000704200000, 0x0000000800000000)
  region size 1024K, 13 young (13312K), 2 survivors (2048K)
 Metaspace       used 24510K, capacity 25205K, committed 25264K, reserved 1071104K
  class space    used 2761K, capacity 3021K, committed 3072K, reserved 1048576K
}
Event: 5.760 GC heap after
{Heap after GC invocations=19 (full 0):
 garbage-first heap   total 98304K, used 44671K [0x0000000704200000, 0x0000000800000000)
  region size 1024K, 1 young (1024K), 1 survivors (1024K)
 Metaspace       used 24510K, capacity 25205K, committed 25264K, reserved 1071104K
  class space    used 2761K, capacity 3021K, committed 3072K, reserved 1048576K
}
Event: 6.154 GC heap before
{Heap before GC invocations=19 (full 0):
 garbage-first heap   total 98304K, used 63103K [0x0000000704200000, 0x0000000800000000)
  region size 1024K, 19 young (19456K), 1 survivors (1024K)
 Metaspace       used 24835K, capacity 25496K, committed 25776K, reserved 1073152K
  class space    used 2772K, capacity 3028K, committed 3072K, reserved 1048576K
}
Event: 6.160 GC heap after
{Heap after GC invocations=20 (full 0):
 garbage-first heap   total 98304K, used 43983K [0x0000000704200000, 0x0000000800000000)
  region size 1024K, 2 young (2048K), 2 survivors (2048K)
 Metaspace       used 24835K, capacity 25496K, committed 25776K, reserved 1073152K
  class space    used 2772K, capacity 3028K, committed 3072K, reserved 1048576K
}
Event: 6.512 GC heap before
{Heap before GC invocations=21 (full 0):
 garbage-first heap   total 167936K, used 161743K [0x0000000704200000, 0x0000000800000000)
  region size 1024K, 21 young (21504K), 2 survivors (2048K)
 Metaspace       used 25534K, capacity 26291K, committed 26416K, reserved 1073152K
  class space    used 2825K, capacity 3101K, committed 3200K, reserved 1048576K
}
Event: 6.518 GC heap after
{Heap after GC invocations=22 (full 0):
 garbage-first heap   total 167936K, used 45404K [0x0000000704200000, 0x0000000800000000)
  region size 1024K, 3 young (3072K), 3 survivors (3072K)
 Metaspace       used 25534K, capacity 26291K, committed 26416K, reserved 1073152K
  class space    used 2825K, capacity 3101K, committed 3200K, reserved 1048576K
}
Event: 6.579 GC heap before
{Heap before GC invocations=22 (full 0):
 garbage-first heap   total 167936K, used 49500K [0x0000000704200000, 0x0000000800000000)
  region size 1024K, 8 young (8192K), 3 survivors (3072K)
 Metaspace       used 25612K, capacity 26355K, committed 26672K, reserved 1073152K
  class space    used 2825K, capacity 3101K, committed 3200K, reserved 1048576K
}
Event: 6.597 GC heap after
{Heap after GC invocations=23 (full 0):
 garbage-first heap   total 167936K, used 36395K [0x0000000704200000, 0x0000000800000000)
  region size 1024K, 1 young (1024K), 1 survivors (1024K)
 Metaspace       used 25612K, capacity 26355K, committed 26672K, reserved 1073152K
  class space    used 2825K, capacity 3101K, committed 3200K, reserved 1048576K
}
Event: 7.014 GC heap before
{Heap before GC invocations=23 (full 0):
 garbage-first heap   total 167936K, used 85547K [0x0000000704200000, 0x0000000800000000)
  region size 1024K, 49 young (50176K), 1 survivors (1024K)
 Metaspace       used 26293K, capacity 27044K, committed 27184K, reserved 1073152K
  class space    used 2873K, capacity 3142K, committed 3200K, reserved 1048576K
}
Event: 7.020 GC heap after
{Heap after GC invocations=24 (full 0):
 garbage-first heap   total 256000K, used 38783K [0x0000000704200000, 0x0000000800000000)
  region size 1024K, 2 young (2048K), 2 survivors (2048K)
 Metaspace       used 26293K, capacity 27044K, committed 27184K, reserved 1073152K
  class space    used 2873K, capacity 3142K, committed 3200K, reserved 1048576K
}
Event: 7.697 GC heap before
{Heap before GC invocations=24 (full 0):
 garbage-first heap   total 256000K, used 128895K [0x0000000704200000, 0x0000000800000000)
  region size 1024K, 89 young (91136K), 2 survivors (2048K)
 Metaspace       used 26526K, capacity 27199K, committed 27440K, reserved 1073152K
  class space    used 2889K, capacity 3154K, committed 3200K, reserved 1048576K
}
Event: 7.703 GC heap after
{Heap after GC invocations=25 (full 0):
 garbage-first heap   total 256000K, used 49264K [0x0000000704200000, 0x0000000800000000)
  region size 1024K, 12 young (12288K), 12 survivors (12288K)
 Metaspace       used 26526K, capacity 27199K, committed 27440K, reserved 1073152K
  class space    used 2889K, capacity 3154K, committed 3200K, reserved 1048576K
}
Event: 9.233 GC heap before
{Heap before GC invocations=25 (full 0):
 garbage-first heap   total 256000K, used 139376K [0x0000000704200000, 0x0000000800000000)
  region size 1024K, 101 young (103424K), 12 survivors (12288K)
 Metaspace       used 28469K, capacity 29267K, committed 29488K, reserved 1075200K
  class space    used 3078K, capacity 3393K, committed 3456K, reserved 1048576K
}
Event: 9.241 GC heap after
{Heap after GC invocations=26 (full 0):
 garbage-first heap   total 256000K, used 61461K [0x0000000704200000, 0x0000000800000000)
  region size 1024K, 13 young (13312K), 13 survivors (13312K)
 Metaspace       used 28469K, capacity 29267K, committed 29488K, reserved 1075200K
  class space    used 3078K, capacity 3393K, committed 3456K, reserved 1048576K
}
Event: 10.219 GC heap before
{Heap before GC invocations=26 (full 0):
 garbage-first heap   total 256000K, used 152597K [0x0000000704200000, 0x0000000800000000)
  region size 1024K, 102 young (104448K), 13 survivors (13312K)
 Metaspace       used 30192K, capacity 31043K, committed 31280K, reserved 1077248K
  class space    used 3262K, capacity 3589K, committed 3712K, reserved 1048576K
}
Event: 10.228 GC heap after
{Heap after GC invocations=27 (full 0):
 garbage-first heap   total 256000K, used 64162K [0x0000000704200000, 0x0000000800000000)
  region size 1024K, 3 young (3072K), 3 survivors (3072K)
 Metaspace       used 30192K, capacity 31043K, committed 31280K, reserved 1077248K
  class space    used 3262K, capacity 3589K, committed 3712K, reserved 1048576K
}
Event: 10.858 GC heap before
{Heap before GC invocations=27 (full 0):
 garbage-first heap   total 256000K, used 166562K [0x0000000704200000, 0x0000000800000000)
  region size 1024K, 99 young (101376K), 3 survivors (3072K)
 Metaspace       used 30796K, capacity 31784K, committed 32048K, reserved 1077248K
  class space    used 3304K, capacity 3682K, committed 3712K, reserved 1048576K
}
Event: 10.866 GC heap after
{Heap after GC invocations=28 (full 0):
 garbage-first heap   total 307200K, used 73249K [0x0000000704200000, 0x0000000800000000)
  region size 1024K, 9 young (9216K), 9 survivors (9216K)
 Metaspace       used 30796K, capacity 31784K, committed 32048K, reserved 1077248K
  class space    used 3304K, capacity 3682K, committed 3712K, reserved 1048576K
}
Event: 12.477 GC heap before
{Heap before GC invocations=28 (full 0):
 garbage-first heap   total 307200K, used 193057K [0x0000000704200000, 0x0000000800000000)
  region size 1024K, 127 young (130048K), 9 survivors (9216K)
 Metaspace       used 32419K, capacity 33486K, committed 33584K, reserved 1079296K
  class space    used 3489K, capacity 3886K, committed 3968K, reserved 1048576K
}
Event: 12.488 GC heap after
{Heap after GC invocations=29 (full 0):
 garbage-first heap   total 307200K, used 91420K [0x0000000704200000, 0x0000000800000000)
  region size 1024K, 16 young (16384K), 16 survivors (16384K)
 Metaspace       used 32419K, capacity 33486K, committed 33584K, reserved 1079296K
  class space    used 3489K, capacity 3886K, committed 3968K, reserved 1048576K
}

